\BOOKMARK [0][-]{chapter.1}{Charter}{}% 1
\BOOKMARK [1][-]{section.1.1}{Abstract}{chapter.1}% 2
\BOOKMARK [1][-]{section.1.2}{Vision}{chapter.1}% 3
\BOOKMARK [1][-]{section.1.3}{Mission}{chapter.1}% 4
\BOOKMARK [1][-]{section.1.4}{Objectives}{chapter.1}% 5
\BOOKMARK [1][-]{section.1.5}{Principles}{chapter.1}% 6
\BOOKMARK [1][-]{section.1.6}{Features}{chapter.1}% 7
\BOOKMARK [1][-]{section.1.7}{Business Rules}{chapter.1}% 8
\BOOKMARK [0][-]{chapter.2}{Stories}{}% 9
\BOOKMARK [1][-]{section.2.1}{Roles}{chapter.2}% 10
\BOOKMARK [1][-]{section.2.2}{Role Attributes}{chapter.2}% 11
\BOOKMARK [1][-]{section.2.3}{Persona}{chapter.2}% 12
\BOOKMARK [2][-]{subsection.2.3.1}{User}{section.2.3}% 13
\BOOKMARK [2][-]{subsection.2.3.2}{Admin}{section.2.3}% 14
\BOOKMARK [1][-]{section.2.4}{User Stories}{chapter.2}% 15
\BOOKMARK [0][-]{chapter.3}{Use Cases}{}% 16
\BOOKMARK [0][-]{chapter.4}{Test Cases}{}% 17
\BOOKMARK [0][-]{chapter.5}{API Model}{}% 18
\BOOKMARK [1][-]{section.5.1}{System Architecture}{chapter.5}% 19
\BOOKMARK [1][-]{section.5.2}{Design Patterns}{chapter.5}% 20
\BOOKMARK [0][-]{chapter.6}{SQAP}{}% 21
\BOOKMARK [1][-]{section.6.1}{Abstract}{chapter.6}% 22
\BOOKMARK [1][-]{section.6.2}{Introduction}{chapter.6}% 23
\BOOKMARK [2][-]{subsection.6.2.1}{Purpose}{section.6.2}% 24
\BOOKMARK [2][-]{subsection.6.2.2}{Scope}{section.6.2}% 25
\BOOKMARK [2][-]{subsection.6.2.3}{List of Definitions}{section.6.2}% 26
\BOOKMARK [2][-]{subsection.6.2.4}{List of References}{section.6.2}% 27
\BOOKMARK [1][-]{section.6.3}{Management}{chapter.6}% 28
\BOOKMARK [2][-]{subsection.6.3.1}{Organization}{section.6.3}% 29
\BOOKMARK [2][-]{subsection.6.3.2}{Tasks}{section.6.3}% 30
\BOOKMARK [2][-]{subsection.6.3.3}{Responsibilities}{section.6.3}% 31
\BOOKMARK [1][-]{section.6.4}{Documentation}{chapter.6}% 32
\BOOKMARK [1][-]{section.6.5}{Standards, Practices, Conventions And Metrics}{chapter.6}% 33
\BOOKMARK [2][-]{subsection.6.5.1}{Documentation Standards}{section.6.5}% 34
\BOOKMARK [2][-]{subsection.6.5.2}{Design Standards}{section.6.5}% 35
\BOOKMARK [2][-]{subsection.6.5.3}{API Documentation}{section.6.5}% 36
\BOOKMARK [2][-]{subsection.6.5.4}{Coding Standards}{section.6.5}% 37
\BOOKMARK [2][-]{subsection.6.5.5}{Testing Standards}{section.6.5}% 38
\BOOKMARK [2][-]{subsection.6.5.6}{Metrics}{section.6.5}% 39
\BOOKMARK [2][-]{subsection.6.5.7}{Compliance Monitoring}{section.6.5}% 40
\BOOKMARK [2][-]{subsection.6.5.8}{Pentesting Plan}{section.6.5}% 41
\BOOKMARK [2][-]{subsection.6.5.9}{Event Response Chart}{section.6.5}% 42
\BOOKMARK [1][-]{section.6.6}{Review}{chapter.6}% 43
\BOOKMARK [1][-]{section.6.7}{Test}{chapter.6}% 44
\BOOKMARK [1][-]{section.6.8}{Problem reporting and corrective actions}{chapter.6}% 45
\BOOKMARK [2][-]{subsection.6.8.1}{Changes in requirements of the customer}{section.6.8}% 46
\BOOKMARK [1][-]{section.6.9}{Tools, techniques and methods}{chapter.6}% 47
\BOOKMARK [1][-]{section.6.10}{Code Control}{chapter.6}% 48
\BOOKMARK [1][-]{section.6.11}{Media Control}{chapter.6}% 49
\BOOKMARK [1][-]{section.6.12}{Supplier Control}{chapter.6}% 50
\BOOKMARK [1][-]{section.6.13}{Training}{chapter.6}% 51
\BOOKMARK [1][-]{section.6.14}{Risk management}{chapter.6}% 52
\BOOKMARK [2][-]{subsection.6.14.1}{Categories of risks}{section.6.14}% 53
\BOOKMARK [0][-]{chapter.7}{Diagrams}{}% 54
\BOOKMARK [0][-]{chapter.8}{User Testing Results}{}% 55
\BOOKMARK [1][-]{section.8.1}{System Usability Scale}{chapter.8}% 56
\BOOKMARK [1][-]{section.8.2}{Discussion}{chapter.8}% 57
\BOOKMARK [1][-]{section.8.3}{Conclusion}{chapter.8}% 58
\BOOKMARK [0][-]{chapter.9}{Questionnaire}{}% 59
\BOOKMARK [1][-]{section.9.1}{Client Questionnaire}{chapter.9}% 60
\BOOKMARK [0][-]{chapter.10}{References}{}% 61
